<html>
<body>
<pre>
<h1>Vision Build Log</h1>
<h2>Tool Versions:</h2>
IDE-Version: μVision V5.39.0.0
Copyright (C) 2023 ARM Ltd and ARM Germany GmbH. All rights reserved.
License Information: 312 cui, 123, LIC=SDA0P-M442N-63EMB-2V5NE-QP61Z-WPZWQ
 
Tool Versions:
Toolchain:       MDK-ARM Plus  Version: 5.39.0.0
Toolchain Path:  C:\Keil_v5\ARM\ARMCC\Bin
C Compiler:      Armcc.exe V5.06 update 7 (build 960)
Assembler:       Armasm.exe V5.06 update 7 (build 960)
Linker/Locator:  ArmLink.exe V5.06 update 7 (build 960)
Library Manager: ArmAr.exe V5.06 update 7 (build 960)
Hex Converter:   FromElf.exe V5.06 update 7 (build 960)
CPU DLL:         SARMCM3.DLL V5.39.0.0
Dialog DLL:      DCM.DLL V1.17.5.0
Target DLL:      STLink\ST-LINKIII-KEIL_SWO.dll V3.2.0.0
Dialog DLL:      TCM.DLL V1.56.4.0
 
<h2>Project:</h2>
E:\OneDrive\work_OD\Project\URT\keil5_project\阶段一：解读抄袭程序\源程序\7-1 AD单通道\Project.uvprojx
Project File Date:  09/26/2024

<h2>Output:</h2>
*** Using Compiler 'V5.06 update 7 (build 960)', folder: 'C:\Keil_v5\ARM\ARMCC\Bin'
Rebuild target 'Target 1'
assembling startup_stm32f10x_md.s...
compiling core_cm3.c...
compiling stm32f10x_crc.c...
compiling stm32f10x_bkp.c...
compiling system_stm32f10x.c...
compiling stm32f10x_can.c...
compiling stm32f10x_cec.c...
compiling stm32f10x_rtc.c...
compiling stm32f10x_dbgmcu.c...
compiling misc.c...
compiling stm32f10x_iwdg.c...
compiling stm32f10x_rcc.c...
compiling stm32f10x_i2c.c...
compiling stm32f10x_dac.c...
compiling stm32f10x_spi.c...
compiling stm32f10x_sdio.c...
compiling stm32f10x_flash.c...
compiling Delay.c...
compiling stm32f10x_adc.c...
compiling stm32f10x_exti.c...
compiling stm32f10x_pwr.c...
compiling stm32f10x_fsmc.c...
compiling stm32f10x_dma.c...
compiling stm32f10x_usart.c...
compiling stm32f10x_wwdg.c...
compiling stm32f10x_gpio.c...
compiling stm32f10x_tim.c...
compiling LED.c...
compiling Key.c...
compiling OLED.c...
compiling main.c...
User\main.c(18): error:  #169: expected a declaration
  for(i=0;i<50;i++){
User\main.c(22): warning:  #12-D: parsing restarts here after previous syntax error
  	ave = Voltage/50;
User\main.c(23): error:  #77-D: this declaration has no storage class or type specifier
  	ave = 0;
User\main.c(23): error:  #147: declaration is incompatible with "float ave"  (declared at line 9)
  	ave = 0;
User\main.c(23): error:  #148: variable "ave"  has already been initialized
  	ave = 0;
User\main.c(24): error:  #77-D: this declaration has no storage class or type specifier
  	ADValue = 0;
User\main.c(24): error:  #147: declaration is incompatible with "uint16_t ADValue"  (declared at line 6)
  	ADValue = 0;
User\main.c(25): error:  #77-D: this declaration has no storage class or type specifier
  	Voltage = 0;
User\main.c(25): error:  #147: declaration is incompatible with "float Voltage"  (declared at line 8)
  	Voltage = 0;
User\main.c(25): error:  #148: variable "Voltage"  has already been initialized
  	Voltage = 0;
User\main.c: 1 warning, 9 errors
compiling AD.c...
compiling stm32f10x_it.c...
".\Objects\Project.axf" - 9 Error(s), 1 Warning(s).

<h2>Software Packages used:</h2>

Package Vendor: Keil
                https://www.keil.com/pack/Keil.STM32F1xx_DFP.2.4.1.pack
                Keil::STM32F1xx_DFP@2.4.1
                STMicroelectronics STM32F1 Series Device Support, Drivers and Examples

<h2>Collection of Component include folders:</h2>
  C:/Users/cui/AppData/Local/Arm/Packs/Keil/STM32F1xx_DFP/2.4.1/Device/Include

<h2>Collection of Component Files used:</h2>
Target not created.
Build Time Elapsed:  00:00:01
</pre>
</body>
</html>
